<?xml version="1.0" encoding="UTF-8"?>
<!-- Generated by org.testng.reporters.JUnitReportReporter -->
<testsuite skipped="0" hostname="DESKTOP-I4I1KCG" name="BrowserTesting.TestngLearning" tests="2" failures="0" timestamp="2019-10-08T12:39:12 IST" time="0.012" errors="0">
  <testcase name="doUSerTeg" time="0.008" classname="BrowserTesting.TestngLearning"/>
  <testcase name="doLogin" time="0.004" classname="BrowserTesting.TestngLearning"/>
</testsuite> <!-- BrowserTesting.TestngLearning -->
