<?xml version="1.0" encoding="UTF-8"?>
<!-- Generated by org.testng.reporters.JUnitReportReporter -->
<testsuite skipped="0" hostname="DESKTOP-I4I1KCG" name="TestCase.Testcase2" tests="2" failures="0" timestamp="2019-10-09T11:47:57 IST" time="0.000" errors="0">
  <testcase name="doUSerTeg" time="0.000" classname="TestCase.Testcase2"/>
  <testcase name="doLogin" time="0.000" classname="TestCase.Testcase2"/>
</testsuite> <!-- TestCase.Testcase2 -->
