<?xml version="1.0" encoding="UTF-8"?>
<!-- Generated by org.testng.reporters.JUnitReportReporter -->
<testsuite skipped="0" hostname="DESKTOP-I4I1KCG" name="TestCase.TestngLearning" tests="2" failures="0" timestamp="2019-10-08T12:46:20 IST" time="0.021" errors="0">
  <testcase name="doUSerTeg" time="0.016" classname="TestCase.TestngLearning"/>
  <testcase name="doLogin" time="0.005" classname="TestCase.TestngLearning"/>
</testsuite> <!-- TestCase.TestngLearning -->
