<?xml version="1.0" encoding="UTF-8"?>
<!-- Generated by org.testng.reporters.JUnitReportReporter -->
<testsuite skipped="1" hostname="DESKTOP-I4I1KCG" name="TestCase.Testcase3" tests="3" failures="0" timestamp="2019-10-08T22:59:23 IST" time="0.014" errors="0">
  <testcase name="doUserReg" time="0.009" classname="TestCase.Testcase3"/>
  <testcase name="doLogin" time="0.001" classname="TestCase.Testcase3"/>
  <testcase name="isSkip" time="0.004" classname="TestCase.Testcase3">
    <skipped/>
  </testcase> <!-- isSkip -->
</testsuite> <!-- TestCase.Testcase3 -->
