<?xml version="1.0" encoding="UTF-8"?>
<!-- Generated by org.testng.reporters.JUnitReportReporter -->
<testsuite skipped="0" hostname="DESKTOP-I4I1KCG" name="TestCase.TestCase1" tests="2" failures="0" timestamp="2019-10-09T12:37:21 IST" time="0.015" errors="0">
  <testcase name="userRegTest" time="0.012" classname="TestCase.TestCase1"/>
  <testcase name="loginTest" time="0.003" classname="TestCase.TestCase1"/>
</testsuite> <!-- TestCase.TestCase1 -->
